********************************************************************************
DUPLICATOR-LITE PACKAGE-LOG: 15 October 2020 21:20
NOTICE: Do NOT post to public sites or forums 
********************************************************************************
VERSION:	1.3.38
WORDPRESS:	5.5.1
PHP INFO:	7.2.22 | SAPI: apache2handler
SERVER:		Apache 
PHP TIME LIMIT: (0) no time limit imposed 
PHP MAX MEMORY: 4294967296 (128M default) 
MEMORY STACK: 6.25MB

********************************************************************************
DATABASE:
********************************************************************************
BUILD MODE:   PHP(query limit - 100)
MYSQLTIMEOUT: 5000
MYSQLDUMP:    Not Supported
TABLES: total:15 | filtered:0 | create:15
FILTERED: []
SQL CREATED: 20201015_fullstory_fdc6bc6deaa4dfd89725_20201015211954_database.sql
SQL FILE SIZE: 318.19KB (325826)
SQL FILE TIME: 2020-10-15 21:20:01
SQL RUNTIME: 0.16 sec.

********************************************************************************
ARCHIVE (ZIP):
********************************************************************************
ARCHIVE DIR:  /Users/bramroos/Sites/fullstory
ARCHIVE FILE: 20201015_fullstory_fdc6bc6deaa4dfd89725_20201015211954_archive.zip
FILTERS: *ON*
DIRS:
	/Users/bramroos/Sites/fullstory/wp-content/themes/fullstory/node_modules
FILES:
	/Users/bramroos/Sites/fullstory/wp-content/themes/fullstory/gulpfile.js
EXTS:  not set
----------------------------------------
COMPRESSING
SIZE:	134.47MB
STATS:	Dirs 722 | Files 6,205
SQL ADDED: 20201015_fullstory_fdc6bc6deaa4dfd89725_20201015211954_database.sql
ZipArchive Object
(
    [status] => 0
    [statusSys] => 0
    [numFiles] => 6927
    [filename] => /Users/bramroos/Sites/fullstory/wp-content/backups-dup-lite/tmp/20201015_fullstory_fdc6bc6deaa4dfd89725_20201015211954_archive.zip
    [comment] => 
)

FILE ADDED TO ZIP: 6926
COMPRESSION RESULT: '1'
COMPRESSED SIZE: 84.36MB
ARCHIVE RUNTIME: 20.11 sec.
MEMORY STACK: 8.25MB
building installer
add_extra_files1
add_extra_files2
add_extra_files3
add_extra_files4
Doing archive file check
add_extra_files5
add_extra_files6
add_extra_files8
Successfully opened zip /Users/bramroos/Sites/fullstory/wp-content/backups-dup-lite/tmp/20201015_fullstory_fdc6bc6deaa4dfd89725_20201015211954_archive.zip
Adding enhanced installer files to archive using ZipArchive
Installer files added to archive
Added to archive
After ziparchive close when adding installer

********************************************************************************
INTEGRITY CHECKS:
********************************************************************************
SQL FILE: 318.19KB
INSTALLER FILE: 61.32KB
ARCHIVE FILE: 85.92MB 
EXPECTED FILE/DIRECTORY COUNT: 6,927
ACTUAL FILE/DIRECTORY COUNT: 6,926
ARCHIVE CONSISTENCY TEST: Pass

********************************************************************************
RECORD ID:[1]
TOTAL PROCESS RUNTIME: 26.38 sec.
PEAK PHP MEMORY USED: 8.25MB
DONE PROCESSING => 20201015_fullstory 15 October 2020 21:20

